<?xml version="1.0" encoding="UTF-8"?>
<!-- Generated by org.testng.reporters.JUnitReportReporter -->
<testsuite skipped="0" hostname="FARZEEN" name="com.model.registerloginnew" tests="1" failures="0" timestamp="18 Aug 2019 09:59:02 GMT" time="5.835" errors="0">
  <testcase name="Registerpagesuccessful" time="5.835" classname="com.model.registerloginnew"/>
</testsuite> <!-- com.model.registerloginnew -->
